<?xml version="1.0" encoding="UTF-8"?>
<testsuite xmlns:xsi="http://www.w3.org/2001/XMLSchema-instance" xsi:noNamespaceSchemaLocation="https://maven.apache.org/surefire/maven-surefire-plugin/xsd/surefire-test-report-3.0.xsd" version="3.0" name="com.ppl.LoginTest" time="12.517" tests="2" errors="0" skipped="0" failures="0">
  <properties>
[...]
</properties>
  <testcase name="Successful Login" classname="Login Functionality" time="5.917">
    <system-out><![CDATA[
Scenario: Successful Login                    &amp#27;[90m# src/test/resources/com/ppl/login.feature:3&amp#27;[0m
  &amp#27;[32mGiven &amp#27;[0m&amp#27;[32mI am on the Swag Labs login page&amp#27;[0m      &amp#27;[90m# com.ppl.stepdefinitions.LoginStepDefinition.I_am_on_the_Swag_Labs_login_page()&amp#27;[0m
  &amp#27;[32mWhen &amp#27;[0m&amp#27;[32mI enter the username &amp#27;[0m&amp#27;[32m&amp#27;[1m"standard_user"&amp#27;[0m   &amp#27;[90m# com.ppl.stepdefinitions.LoginStepDefinition.I_enter_the_username_as_standard_user(java.lang.String)&amp#27;[0m
  &amp#27;[32mAnd &amp#27;[0m&amp#27;[32mI enter the password &amp#27;[0m&amp#27;[32m&amp#27;[1m"secret_sauce"&amp#27;[0m     &amp#27;[90m# com.ppl.stepdefinitions.LoginStepDefinition.I_enter_the_password_as_secret_sauce(java.lang.String)&amp#27;[0m
  &amp#27;[32mAnd &amp#27;[0m&amp#27;[32mI click on the login button&amp#27;[0m             &amp#27;[90m# com.ppl.stepdefinitions.LoginStepDefinition.I_click_on_the_login_button()&amp#27;[0m
  &amp#27;[32mThen &amp#27;[0m&amp#27;[32mI should be taken to the products page&amp#27;[0m &amp#27;[90m# com.ppl.stepdefinitions.LoginStepDefinition.I_should_be_taken_to_the_products_page()&amp#27;[0m
]]></system-out>
    <system-err><![CDATA[May 09, 2024 9:25:23 PM io.cucumber.junit.platform.engine.DiscoverySelectorResolver warnWhenCucumberFeaturesPropertyIsUsed
WARNING: Discovering tests using the cucumber.features property. Other discovery selectors are ignored!
Please request/upvote/sponsor/ect better support for JUnit 5 discovery selectors.
See: https://github.com/cucumber/cucumber-jvm/pull/2498
SLF4J(W): No SLF4J providers were found.
SLF4J(W): Defaulting to no-operation (NOP) logger implementation
SLF4J(W): See https://www.slf4j.org/codes.html#noProviders for further details.
]]></system-err>
  </testcase>
  <testcase name="Wrong Password" classname="Login Functionality" time="6.493">
    <system-out><![CDATA[
Scenario: Wrong Password                                                                                         &amp#27;[90m# src/test/resources/com/ppl/login.feature:10&amp#27;[0m
  &amp#27;[32mGiven &amp#27;[0m&amp#27;[32mI am on the Swag Labs login page&amp#27;[0m                                                                         &amp#27;[90m# com.ppl.stepdefinitions.LoginStepDefinition.I_am_on_the_Swag_Labs_login_page()&amp#27;[0m
  &amp#27;[32mWhen &amp#27;[0m&amp#27;[32mI enter the username &amp#27;[0m&amp#27;[32m&amp#27;[1m"standard_user"&amp#27;[0m                                                                      &amp#27;[90m# com.ppl.stepdefinitions.LoginStepDefinition.I_enter_the_username_as_standard_user(java.lang.String)&amp#27;[0m
  &amp#27;[32mAnd &amp#27;[0m&amp#27;[32mI enter the password &amp#27;[0m&amp#27;[32m&amp#27;[1m"wrong_password"&amp#27;[0m                                                                      &amp#27;[90m# com.ppl.stepdefinitions.LoginStepDefinition.I_enter_the_password_as_secret_sauce(java.lang.String)&amp#27;[0m
  &amp#27;[32mAnd &amp#27;[0m&amp#27;[32mI click on the login button&amp#27;[0m                                                                                &amp#27;[90m# com.ppl.stepdefinitions.LoginStepDefinition.I_click_on_the_login_button()&amp#27;[0m
  &amp#27;[32mThen &amp#27;[0m&amp#27;[32mI should see an error message &amp#27;[0m&amp#27;[32m&amp#27;[1m"Epic sadface: Username and password do not match any user in this service"&amp#27;[0m &amp#27;[90m# com.ppl.stepdefinitions.LoginStepDefinition.I_should_see_an_error_message(java.lang.String)&amp#27;[0m
]]></system-out>
  </testcase>
</testsuite>